<?xml version="1.0" encoding="UTF-8"?>
<!-- Generated by org.testng.reporters.JUnitReportReporter -->
<testsuite hostname="DESKTOP-PSK7N31" failures="0" tests="1" name="TestRestAssured.GetandPost" time="5.425" errors="0" timestamp="2021-06-30T01:35:49 IST" skipped="0">
  <testcase classname="TestRestAssured.GetandPost" name="testPost" time="5.425"/>
  <system-out/>
</testsuite> <!-- TestRestAssured.GetandPost -->
