<?xml version="1.0" encoding="UTF-8"?>
<!-- Generated by org.testng.reporters.JUnitReportReporter -->
<testsuite hostname="DESKTOP-PSK7N31" failures="0" tests="1" name="TestRestAssured.TestSampal" time="6.003" errors="0" timestamp="2021-06-29T21:35:03 IST" skipped="0">
  <testcase classname="TestRestAssured.TestSampal" name="Demo_2" time="6.003"/>
  <system-out/>
</testsuite> <!-- TestRestAssured.TestSampal -->
