<?xml version="1.0" encoding="UTF-8"?>
<!-- Generated by org.testng.reporters.JUnitReportReporter -->
<testsuite hostname="DESKTOP-PSK7N31" failures="0" tests="1" name="TestRestAssured.JSONSchemaValidator" time="4.345" errors="0" timestamp="2021-06-30T23:19:02 IST" skipped="0">
  <testcase classname="TestRestAssured.JSONSchemaValidator" name="testGet" time="4.345"/>
  <system-out/>
</testsuite> <!-- TestRestAssured.JSONSchemaValidator -->
