<?xml version="1.0" encoding="UTF-8"?>
<!-- Generated by org.testng.reporters.JUnitReportReporter -->
<testsuite hostname="DESKTOP-PSK7N31" failures="0" tests="5" name="TestRestAssured.TestLocalApi" time="2.307" errors="0" timestamp="2021-06-30T22:40:15 IST" skipped="0">
  <testcase classname="TestRestAssured.TestLocalApi" name="post" time="0.081"/>
  <system-out/>
  <testcase classname="TestRestAssured.TestLocalApi" name="put" time="0.056"/>
  <system-out/>
  <testcase classname="TestRestAssured.TestLocalApi" name="patch" time="0.087"/>
  <system-out/>
  <testcase classname="TestRestAssured.TestLocalApi" name="delete" time="1.983"/>
  <system-out/>
  <testcase classname="TestRestAssured.TestLocalApi" name="get" time="0.100"/>
  <system-out/>
</testsuite> <!-- TestRestAssured.TestLocalApi -->
