<?xml version="1.0" encoding="UTF-8"?>
<!-- Generated by org.testng.reporters.JUnitReportReporter -->
<testsuite hostname="DESKTOP-PSK7N31" failures="0" tests="1" name="TestRestAssured.SoapXMLRequest" time="3.659" errors="0" timestamp="2021-07-01T00:27:19 IST" skipped="0">
  <testcase classname="TestRestAssured.SoapXMLRequest" name="validateSoapXML" time="3.659"/>
  <system-out/>
</testsuite> <!-- TestRestAssured.SoapXMLRequest -->
