<?xml version="1.0" encoding="UTF-8"?>
<!-- Generated by org.testng.reporters.JUnitReportReporter -->
<testsuite hostname="DESKTOP-PSK7N31" failures="0" tests="1" name="TestRestAssured.XMLSchemaValidation" time="3.577" errors="0" timestamp="2021-07-01T00:53:43 IST" skipped="0">
  <testcase classname="TestRestAssured.XMLSchemaValidation" name="schemaValidation" time="3.577"/>
  <system-out/>
</testsuite> <!-- TestRestAssured.XMLSchemaValidation -->
