<?xml version="1.0" encoding="UTF-8"?>
<!-- Generated by org.testng.reporters.JUnitReportReporter -->
<testsuite hostname="DESKTOP-PSK7N31" failures="0" tests="3" name="TestRestAssured.PatchandDelete" time="5.473" errors="0" timestamp="2021-06-30T01:47:32 IST" skipped="0">
  <testcase classname="TestRestAssured.PatchandDelete" name="testPatch" time="0.728"/>
  <system-out/>
  <testcase classname="TestRestAssured.PatchandDelete" name="testDelete" time="4.255"/>
  <system-out/>
  <testcase classname="TestRestAssured.PatchandDelete" name="testPut" time="0.490"/>
  <system-out/>
</testsuite> <!-- TestRestAssured.PatchandDelete -->
